
> @khulnasoft/notification-center@2.0.10 prebuild /workspaces/khulnasoft/packages/notification-center
> rimraf dist


> @khulnasoft/notification-center@2.0.10 build /workspaces/khulnasoft/packages/notification-center
> npm run build:cjs && npm run build:esm && npm run build:umd && npm run build:types


> @khulnasoft/notification-center@2.0.10 build:cjs
> cross-env node_modules/.bin/tsc -p tsconfig.json

src/components/types.ts(1,10): error TS2305: Module '"@emotion/css"' has no exported member 'CSSInterpolation'.
src/store/styles/styles-provider.tsx(2,10): error TS2305: Module '"@emotion/css"' has no exported member 'CSSInterpolation'.
src/utils/styles.ts(1,10): error TS2305: Module '"@emotion/css"' has no exported member 'CSSInterpolation'.
npm error Lifecycle script `build:cjs` failed with error:
npm error code 2
npm error path /workspaces/khulnasoft/packages/notification-center
npm error workspace @khulnasoft/notification-center@2.0.10
npm error location /workspaces/khulnasoft/packages/notification-center
npm error command failed
npm error command sh -c cross-env node_modules/.bin/tsc -p tsconfig.json
[41m[30mâ€‰ELIFECYCLEâ€‰[39m[49m [31mCommand failed with exit code 2.[39m
